pg_dump: last built-in OID is 16383
pg_dump: reading extensions
pg_dump: identifying extension members
pg_dump: reading schemas
pg_dump: reading user-defined tables
pg_dump: reading user-defined functions
pg_dump: reading user-defined types
pg_dump: reading procedural languages
pg_dump: reading user-defined aggregate functions
pg_dump: reading user-defined operators
pg_dump: reading user-defined operator classes
pg_dump: reading user-defined operator families
pg_dump: reading user-defined text search parsers
pg_dump: reading user-defined text search templates
pg_dump: reading user-defined text search dictionaries
pg_dump: reading user-defined text search configurations
pg_dump: reading user-defined foreign-data wrappers
pg_dump: reading user-defined foreign servers
pg_dump: reading default privileges
pg_dump: reading user-defined collations
pg_dump: reading user-defined conversions
pg_dump: reading type casts
pg_dump: reading transforms
pg_dump: reading table inheritance information
pg_dump: reading event triggers
pg_dump: finding extension tables
pg_dump: finding inheritance relationships
pg_dump: reading column info for interesting tables
pg_dump: finding the columns and types of table "public.acted_in"
pg_dump: finding default expressions of table "public.acted_in"
pg_dump: finding the columns and types of table "public.actors"
pg_dump: finding the columns and types of table "public.aka_names"
pg_dump: finding default expressions of table "public.aka_names"
pg_dump: finding the columns and types of table "public.genres"
pg_dump: finding the columns and types of table "public.aka_titles"
pg_dump: finding default expressions of table "public.aka_titles"
pg_dump: finding the columns and types of table "public.keywords"
pg_dump: finding the columns and types of table "public.movies"
pg_dump: finding the columns and types of table "public.movies_genres"
pg_dump: finding default expressions of table "public.movies_genres"
pg_dump: finding the columns and types of table "public.movies_keywords"
pg_dump: finding default expressions of table "public.movies_keywords"
pg_dump: finding the columns and types of table "public.series"
pg_dump: finding the columns and types of table "public.countries"
pg_dump: finding default expressions of table "public.countries"
pg_dump: finding the columns and types of table "public.languages"
pg_dump: finding default expressions of table "public.languages"
pg_dump: finding the columns and types of table "public.movies_languages"
pg_dump: finding the columns and types of table "public.locations"
pg_dump: flagging inherited columns in subtables
pg_dump: reading indexes
pg_dump: reading indexes for table "public.acted_in"
pg_dump: reading indexes for table "public.actors"
pg_dump: reading indexes for table "public.aka_names"
pg_dump: reading indexes for table "public.genres"
pg_dump: reading indexes for table "public.aka_titles"
pg_dump: reading indexes for table "public.keywords"
pg_dump: reading indexes for table "public.movies"
pg_dump: reading indexes for table "public.movies_genres"
pg_dump: reading indexes for table "public.movies_keywords"
pg_dump: reading indexes for table "public.series"
pg_dump: reading indexes for table "public.countries"
pg_dump: reading indexes for table "public.languages"
pg_dump: reading indexes for table "public.movies_languages"
pg_dump: reading indexes for table "public.locations"
pg_dump: reading constraints
pg_dump: reading foreign key constraints for table "public.genres"
pg_dump: reading foreign key constraints for table "public.movies"
pg_dump: reading foreign key constraints for table "public.movies_genres"
pg_dump: reading foreign key constraints for table "public.movies_keywords"
pg_dump: reading triggers
pg_dump: reading triggers for table "public.genres"
pg_dump: reading triggers for table "public.movies"
pg_dump: reading triggers for table "public.movies_genres"
pg_dump: reading triggers for table "public.movies_keywords"
pg_dump: reading rewrite rules
pg_dump: reading policies
pg_dump: reading row security enabled for table "public.acted_in"
pg_dump: reading policies for table "public.acted_in"
pg_dump: reading row security enabled for table "public.acted_in_idacted_in_seq"
pg_dump: reading policies for table "public.acted_in_idacted_in_seq"
pg_dump: reading row security enabled for table "public.actors"
pg_dump: reading policies for table "public.actors"
pg_dump: reading row security enabled for table "public.aka_names"
pg_dump: reading policies for table "public.aka_names"
pg_dump: reading row security enabled for table "public.aka_names_idaka_names_seq"
pg_dump: reading policies for table "public.aka_names_idaka_names_seq"
pg_dump: reading row security enabled for table "public.genres"
pg_dump: reading policies for table "public.genres"
pg_dump: reading row security enabled for table "public.aka_titles"
pg_dump: reading policies for table "public.aka_titles"
pg_dump: reading row security enabled for table "public.aka_titles_idaka_titles_seq"
pg_dump: reading policies for table "public.aka_titles_idaka_titles_seq"
pg_dump: reading row security enabled for table "public.keywords"
pg_dump: reading policies for table "public.keywords"
pg_dump: reading row security enabled for table "public.movies"
pg_dump: reading policies for table "public.movies"
pg_dump: reading row security enabled for table "public.movies_genres"
pg_dump: reading policies for table "public.movies_genres"
pg_dump: reading row security enabled for table "public.movies_genres_idmovies_genres_seq"
pg_dump: reading policies for table "public.movies_genres_idmovies_genres_seq"
pg_dump: reading row security enabled for table "public.movies_keywords"
pg_dump: reading policies for table "public.movies_keywords"
pg_dump: reading row security enabled for table "public.movies_keywords_idmovies_keywords_seq"
pg_dump: reading policies for table "public.movies_keywords_idmovies_keywords_seq"
pg_dump: reading row security enabled for table "public.series"
pg_dump: reading policies for table "public.series"
pg_dump: reading row security enabled for table "public.countries"
pg_dump: reading policies for table "public.countries"
pg_dump: reading row security enabled for table "public.languages"
pg_dump: reading policies for table "public.languages"
pg_dump: reading row security enabled for table "public.languages_idlanguages_seq"
pg_dump: reading policies for table "public.languages_idlanguages_seq"
pg_dump: reading row security enabled for table "public.countries_idcountries_seq"
pg_dump: reading policies for table "public.countries_idcountries_seq"
pg_dump: reading row security enabled for table "public.genres_idgenres_seq"
pg_dump: reading policies for table "public.genres_idgenres_seq"
pg_dump: reading row security enabled for table "public.movies_languages"
pg_dump: reading policies for table "public.movies_languages"
pg_dump: reading row security enabled for table "public.locations"
pg_dump: reading policies for table "public.locations"
pg_dump: reading dependency data
pg_dump: saving encoding = UTF8
pg_dump: saving standard_conforming_strings = on
pg_dump: saving database definition
pg_dump: creating DATABASE "imdb"
pg_dump: connecting to new database "imdb"
pg_dump: creating SCHEMA "public"
pg_dump: creating COMMENT "SCHEMA public"
pg_dump: creating EXTENSION "plpgsql"
pg_dump: creating COMMENT "EXTENSION plpgsql"
pg_dump: creating TABLE "public.acted_in"
pg_dump: creating SEQUENCE "public.acted_in_idacted_in_seq"
pg_dump: creating SEQUENCE OWNED BY "public.acted_in_idacted_in_seq"
pg_dump: creating TABLE "public.actors"
pg_dump: creating TABLE "public.aka_names"
pg_dump: creating SEQUENCE "public.aka_names_idaka_names_seq"
pg_dump: creating SEQUENCE OWNED BY "public.aka_names_idaka_names_seq"
pg_dump: creating TABLE "public.aka_titles"
pg_dump: creating SEQUENCE "public.aka_titles_idaka_titles_seq"
pg_dump: creating SEQUENCE OWNED BY "public.aka_titles_idaka_titles_seq"
pg_dump: creating SEQUENCE "public.countries_idcountries_seq"
pg_dump: creating TABLE "public.countries"
pg_dump: creating TABLE "public.genres"
pg_dump: creating SEQUENCE "public.genres_idgenres_seq"
pg_dump: creating TABLE "public.keywords"
pg_dump: creating SEQUENCE "public.languages_idlanguages_seq"
pg_dump: creating TABLE "public.languages"
pg_dump: creating TABLE "public.locations"
pg_dump: creating TABLE "public.movies"
pg_dump: creating TABLE "public.movies_genres"
pg_dump: creating SEQUENCE "public.movies_genres_idmovies_genres_seq"
pg_dump: creating SEQUENCE OWNED BY "public.movies_genres_idmovies_genres_seq"
pg_dump: creating TABLE "public.movies_keywords"
pg_dump: creating SEQUENCE "public.movies_keywords_idmovies_keywords_seq"
pg_dump: creating SEQUENCE OWNED BY "public.movies_keywords_idmovies_keywords_seq"
pg_dump: creating TABLE "public.movies_languages"
pg_dump: creating TABLE "public.series"
pg_dump: creating DEFAULT "public.idacted_in"
pg_dump: creating DEFAULT "public.idaka_names"
pg_dump: creating DEFAULT "public.idaka_titles"
pg_dump: creating DEFAULT "public.idmovies_genres"
pg_dump: creating DEFAULT "public.idmovies_keywords"
pg_dump: creating CONSTRAINT "public.acted_in_pkey"
pg_dump: creating CONSTRAINT "public.actors_pkey"
pg_dump: creating CONSTRAINT "public.aka_names_pkey"
pg_dump: creating CONSTRAINT "public.aka_titles_pkey"
pg_dump: creating CONSTRAINT "public.countries_pk"
pg_dump: creating CONSTRAINT "public.genres_pkey"
pg_dump: creating CONSTRAINT "public.keywords_pkey"
pg_dump: creating CONSTRAINT "public.languages_pkey"
pg_dump: creating CONSTRAINT "public.locations_pkey"
pg_dump: creating CONSTRAINT "public.movies_genres_pkey"
pg_dump: creating CONSTRAINT "public.movies_keywords_pkey"
pg_dump: creating CONSTRAINT "public.movies_languages_pkey"
pg_dump: creating CONSTRAINT "public.movies_pkey"
pg_dump: creating CONSTRAINT "public.series_pkey"
pg_dump: creating INDEX "public.AKA_TITLES_IDMOVIES_INDEX"
pg_dump: creating INDEX "public.fki_movies_genres_idgenres_fk"
pg_dump: creating INDEX "public.fki_movies_genres_idmovies_fk"
pg_dump: creating INDEX "public.fki_movies_keywords_fk"
pg_dump: creating INDEX "public.idx_acted_in_idactors"
pg_dump: creating INDEX "public.idx_acted_in_idmovies"
pg_dump: creating INDEX "public.idx_acted_in_idseries"
pg_dump: creating INDEX "public.idx_aka_names_idactors"
pg_dump: creating INDEX "public.idx_aka_titles_idmovies"
pg_dump: creating INDEX "public.idx_fname_lname"
pg_dump: creating INDEX "public.idx_movies_year"
pg_dump: creating INDEX "public.idx_series_idmovies"
pg_dump: creating INDEX "public.movies_location_idx"
pg_dump: creating INDEX "public.movies_title_idx"
pg_dump: creating INDEX "public.movies_version_idx"
pg_dump: creating FK CONSTRAINT "public.movies_genres_idgenres_fk"
pg_dump: creating FK CONSTRAINT "public.movies_genres_idmovies_fk"
pg_dump: creating FK CONSTRAINT "public.movies_keywords_fk"
pg_dump: setting owner and privileges for DATABASE "imdb"
pg_dump: setting owner and privileges for SCHEMA "public"
pg_dump: setting owner and privileges for COMMENT "SCHEMA public"
pg_dump: setting owner and privileges for ACL "public"
pg_dump: setting owner and privileges for EXTENSION "plpgsql"
pg_dump: setting owner and privileges for COMMENT "EXTENSION plpgsql"
pg_dump: setting owner and privileges for TABLE "public.acted_in"
pg_dump: setting owner and privileges for SEQUENCE "public.acted_in_idacted_in_seq"
pg_dump: setting owner and privileges for SEQUENCE OWNED BY "public.acted_in_idacted_in_seq"
pg_dump: setting owner and privileges for TABLE "public.actors"
pg_dump: setting owner and privileges for TABLE "public.aka_names"
pg_dump: setting owner and privileges for SEQUENCE "public.aka_names_idaka_names_seq"
pg_dump: setting owner and privileges for SEQUENCE OWNED BY "public.aka_names_idaka_names_seq"
pg_dump: setting owner and privileges for TABLE "public.aka_titles"
pg_dump: setting owner and privileges for SEQUENCE "public.aka_titles_idaka_titles_seq"
pg_dump: setting owner and privileges for SEQUENCE OWNED BY "public.aka_titles_idaka_titles_seq"
pg_dump: setting owner and privileges for SEQUENCE "public.countries_idcountries_seq"
pg_dump: setting owner and privileges for TABLE "public.countries"
pg_dump: setting owner and privileges for TABLE "public.genres"
pg_dump: setting owner and privileges for SEQUENCE "public.genres_idgenres_seq"
pg_dump: setting owner and privileges for TABLE "public.keywords"
pg_dump: setting owner and privileges for SEQUENCE "public.languages_idlanguages_seq"
pg_dump: setting owner and privileges for TABLE "public.languages"
pg_dump: setting owner and privileges for TABLE "public.locations"
pg_dump: setting owner and privileges for TABLE "public.movies"
pg_dump: setting owner and privileges for TABLE "public.movies_genres"
pg_dump: setting owner and privileges for SEQUENCE "public.movies_genres_idmovies_genres_seq"
pg_dump: setting owner and privileges for SEQUENCE OWNED BY "public.movies_genres_idmovies_genres_seq"
pg_dump: setting owner and privileges for TABLE "public.movies_keywords"
pg_dump: setting owner and privileges for SEQUENCE "public.movies_keywords_idmovies_keywords_seq"
pg_dump: setting owner and privileges for SEQUENCE OWNED BY "public.movies_keywords_idmovies_keywords_seq"
pg_dump: setting owner and privileges for TABLE "public.movies_languages"
pg_dump: setting owner and privileges for TABLE "public.series"
pg_dump: setting owner and privileges for DEFAULT "public.idacted_in"
pg_dump: setting owner and privileges for DEFAULT "public.idaka_names"
pg_dump: setting owner and privileges for DEFAULT "public.idaka_titles"
pg_dump: setting owner and privileges for DEFAULT "public.idmovies_genres"
pg_dump: setting owner and privileges for DEFAULT "public.idmovies_keywords"
pg_dump: setting owner and privileges for CONSTRAINT "public.acted_in_pkey"
pg_dump: setting owner and privileges for CONSTRAINT "public.actors_pkey"
pg_dump: setting owner and privileges for CONSTRAINT "public.aka_names_pkey"
pg_dump: setting owner and privileges for CONSTRAINT "public.aka_titles_pkey"
pg_dump: setting owner and privileges for CONSTRAINT "public.countries_pk"
pg_dump: setting owner and privileges for CONSTRAINT "public.genres_pkey"
pg_dump: setting owner and privileges for CONSTRAINT "public.keywords_pkey"
pg_dump: setting owner and privileges for CONSTRAINT "public.languages_pkey"
pg_dump: setting owner and privileges for CONSTRAINT "public.locations_pkey"
pg_dump: setting owner and privileges for CONSTRAINT "public.movies_genres_pkey"
pg_dump: setting owner and privileges for CONSTRAINT "public.movies_keywords_pkey"
pg_dump: setting owner and privileges for CONSTRAINT "public.movies_languages_pkey"
pg_dump: setting owner and privileges for CONSTRAINT "public.movies_pkey"
pg_dump: setting owner and privileges for CONSTRAINT "public.series_pkey"
pg_dump: setting owner and privileges for INDEX "public.AKA_TITLES_IDMOVIES_INDEX"
pg_dump: setting owner and privileges for INDEX "public.fki_movies_genres_idgenres_fk"
pg_dump: setting owner and privileges for INDEX "public.fki_movies_genres_idmovies_fk"
pg_dump: setting owner and privileges for INDEX "public.fki_movies_keywords_fk"
pg_dump: setting owner and privileges for INDEX "public.idx_acted_in_idactors"
pg_dump: setting owner and privileges for INDEX "public.idx_acted_in_idmovies"
pg_dump: setting owner and privileges for INDEX "public.idx_acted_in_idseries"
pg_dump: setting owner and privileges for INDEX "public.idx_aka_names_idactors"
pg_dump: setting owner and privileges for INDEX "public.idx_aka_titles_idmovies"
pg_dump: setting owner and privileges for INDEX "public.idx_fname_lname"
pg_dump: setting owner and privileges for INDEX "public.idx_movies_year"
pg_dump: setting owner and privileges for INDEX "public.idx_series_idmovies"
pg_dump: setting owner and privileges for INDEX "public.movies_location_idx"
pg_dump: setting owner and privileges for INDEX "public.movies_title_idx"
pg_dump: setting owner and privileges for INDEX "public.movies_version_idx"
pg_dump: setting owner and privileges for FK CONSTRAINT "public.movies_genres_idgenres_fk"
pg_dump: setting owner and privileges for FK CONSTRAINT "public.movies_genres_idmovies_fk"
pg_dump: setting owner and privileges for FK CONSTRAINT "public.movies_keywords_fk"
